<?xml version="1.0" encoding="UTF-8"?>
<!-- Generated by org.testng.reporters.JUnitReportReporter -->
<testsuite hostname="LAPTOP-Q4DCNU94" failures="0" tests="2" name="practice.testNG.Practice1" time="0.015" errors="0" timestamp="2024-03-28T09:53:38 IST" skipped="0">
  <testcase classname="practice.testNG.Practice1" name="C" time="0.013"/>
  <testcase classname="practice.testNG.Practice1" name="B" time="0.002"/>
</testsuite> <!-- practice.testNG.Practice1 -->
