<?xml version="1.0" encoding="UTF-8"?>
<!-- Generated by org.testng.reporters.JUnitReportReporter -->
<testsuite hostname="LAPTOP-Q4DCNU94" failures="0" tests="1" name="nopcommerce.test.CucumberRunner" time="10.930" errors="0" timestamp="2024-04-04T10:47:57 IST" skipped="0">
  <testcase classname="nopcommerce.test.CucumberRunner" name="runScenario" time="10.930"/>
</testsuite> <!-- nopcommerce.test.CucumberRunner -->
