<?xml version="1.0" encoding="UTF-8"?>
<!-- Generated by org.testng.reporters.JUnitReportReporter -->
<testsuite hostname="LAPTOP-Q4DCNU94" failures="0" tests="1" name="com.sikuli.SikuliAutomation" time="14.846" errors="0" timestamp="2024-04-16T10:18:44 IST" skipped="0">
  <testcase classname="com.sikuli.SikuliAutomation" name="customerDelete" time="14.846"/>
</testsuite> <!-- com.sikuli.SikuliAutomation -->
