<?xml version="1.0" encoding="UTF-8"?>
<!-- Generated by org.testng.reporters.JUnitReportReporter -->
<testsuite hostname="LAPTOP-Q4DCNU94" failures="0" tests="3" name="practice.testNG.Practice6" time="60.612" errors="0" timestamp="2024-03-28T10:16:56 IST" skipped="0">
  <testcase classname="practice.testNG.Practice6" name="iternateInr" time="20.204"/>
  <testcase classname="practice.testNG.Practice6" name="iternateInt" time="20.204"/>
  <testcase classname="practice.testNG.Practice6" name="iternateIns" time="20.204"/>
</testsuite> <!-- practice.testNG.Practice6 -->
