<?xml version="1.0" encoding="UTF-8"?>
<!-- Generated by org.testng.reporters.JUnitReportReporter -->
<testsuite hostname="LAPTOP-Q4DCNU94" failures="0" tests="1" name="nop.utilities.ReadAndWriteExcel" time="0.581" errors="0" timestamp="2024-02-25T10:48:21 IST" skipped="0">
  <testcase classname="nop.utilities.ReadAndWriteExcel" name="readExcel" time="0.581"/>
</testsuite> <!-- nop.utilities.ReadAndWriteExcel -->
