<?xml version="1.0" encoding="UTF-8"?>
<!-- Generated by org.testng.reporters.JUnitReportReporter -->
<testsuite hostname="LAPTOP-Q4DCNU94" failures="0" tests="1" name="practice.testNG.Practice7" time="30.283" errors="0" timestamp="2024-03-28T10:16:56 IST" skipped="0">
  <testcase classname="practice.testNG.Practice7" name="iternateInt" time="30.283"/>
</testsuite> <!-- practice.testNG.Practice7 -->
