<?xml version="1.0" encoding="UTF-8"?>
<!-- Generated by org.testng.reporters.JUnitReportReporter -->
<testsuite hostname="LAPTOP-Q4DCNU94" failures="0" tests="1" name="nopcommerce.test.TC_Login" time="0.260" errors="0" timestamp="2024-02-23T09:45:21 IST" skipped="0">
  <testcase classname="nopcommerce.test.TC_Login" name="login" time="0.260"/>
</testsuite> <!-- nopcommerce.test.TC_Login -->
