<?xml version="1.0" encoding="UTF-8"?>
<!-- Generated by org.testng.reporters.JUnitReportReporter -->
<testsuite hostname="LAPTOP-Q4DCNU94" failures="0" tests="4" name="practice.testNG.Practice3" time="0.007" errors="0" timestamp="2024-03-28T09:53:38 IST" skipped="0">
  <testcase classname="practice.testNG.Practice3" name="method3" time="0.002"/>
  <testcase classname="practice.testNG.Practice3" name="method1" time="0.002"/>
  <testcase classname="practice.testNG.Practice3" name="areaOfRectangle" time="0.002"/>
  <testcase classname="practice.testNG.Practice3" name="method2" time="0.001"/>
</testsuite> <!-- practice.testNG.Practice3 -->
