<?xml version="1.0" encoding="UTF-8"?>
<!-- Generated by org.testng.reporters.JUnitReportReporter -->
<testsuite hostname="LAPTOP-Q4DCNU94" failures="0" tests="2" name="practice.testNG.Practice5" time="0.003" errors="0" timestamp="2024-03-26T10:26:17 IST" skipped="0">
  <testcase classname="practice.testNG.Practice5" name="method3" time="0.002"/>
  <testcase classname="practice.testNG.Practice5" name="method2" time="0.001"/>
</testsuite> <!-- practice.testNG.Practice5 -->
