<?xml version="1.0" encoding="UTF-8"?>
<!-- Generated by org.testng.reporters.JUnitReportReporter -->
<testsuite hostname="LAPTOP-Q4DCNU94" failures="0" tests="1" name="nopcommerce.test.TC_Login" time="0.368" errors="0" timestamp="2024-03-18T10:27:30 IST" skipped="0">
  <testcase classname="nopcommerce.test.TC_Login" name="login" time="0.368"/>
</testsuite> <!-- nopcommerce.test.TC_Login -->
